Flow report for lab1
Wed Aug 03 13:21:10 2022
Quartus Prime Version 18.1.0 Build 625 09/12/2018 SJ Standard Edition


---------------------
; Table of Contents ;
---------------------
  1. Legal Notice
  2. Flow Summary
  3. Flow Settings
  4. Flow Non-Default Global Settings
  5. Flow Elapsed Time
  6. Flow OS Summary
  7. Flow Log
  8. Flow Messages
  9. Flow Suppressed Messages



----------------
; Legal Notice ;
----------------
Copyright (C) 2018  Intel Corporation. All rights reserved.
Your use of Intel Corporation's design tools, logic functions 
and other software and tools, and its AMPP partner logic 
functions, and any output files from any of the foregoing 
(including device programming or simulation files), and any 
associated documentation or information are expressly subject 
to the terms and conditions of the Intel Program License 
Subscription Agreement, the Intel Quartus Prime License Agreement,
the Intel FPGA IP License Agreement, or other applicable license
agreement, including, without limitation, that your use is for
the sole purpose of programming logic devices manufactured by
Intel and sold by Intel or its authorized distributors.  Please
refer to the applicable agreement for further details.



+--------------------------------------------------------------------------------------+
; Flow Summary                                                                         ;
+------------------------------------+-------------------------------------------------+
; Flow Status                        ; Successful - Wed Aug 03 13:21:00 2022           ;
; Quartus Prime Version              ; 18.1.0 Build 625 09/12/2018 SJ Standard Edition ;
; Revision Name                      ; lab1                                            ;
; Top-level Entity Name              ; lab1                                            ;
; Family                             ; Cyclone IV E                                    ;
; Device                             ; EP4CE115F29C7                                   ;
; Timing Models                      ; Final                                           ;
; Total logic elements               ; 4,921 / 114,480 ( 4 % )                         ;
;     Total combinational functions  ; 4,318 / 114,480 ( 4 % )                         ;
;     Dedicated logic registers      ; 3,100 / 114,480 ( 3 % )                         ;
; Total registers                    ; 3168                                            ;
; Total pins                         ; 103 / 529 ( 19 % )                              ;
; Total virtual pins                 ; 0                                               ;
; Total memory bits                  ; 310,656 / 3,981,312 ( 8 % )                     ;
; Embedded Multiplier 9-bit elements ; 6 / 532 ( 1 % )                                 ;
; Total PLLs                         ; 1 / 4 ( 25 % )                                  ;
+------------------------------------+-------------------------------------------------+


+-----------------------------------------+
; Flow Settings                           ;
+-------------------+---------------------+
; Option            ; Setting             ;
+-------------------+---------------------+
; Start date & time ; 08/03/2022 13:18:16 ;
; Main task         ; Compilation         ;
; Revision Name     ; lab1                ;
+-------------------+---------------------+


+--------------------------------------------------------------------------------------------------------------------------------------------------+
; Flow Non-Default Global Settings                                                                                                                 ;
+-------------------------------------+----------------------------------------------------------------+---------------+--------------+------------+
; Assignment Name                     ; Value                                                          ; Default Value ; Entity Name  ; Section Id ;
+-------------------------------------+----------------------------------------------------------------+---------------+--------------+------------+
; COMPILER_SIGNATURE_ID               ; 118933448981091.165948949605496                                ; --            ; --           ; --         ;
; MAX_CORE_JUNCTION_TEMP              ; 85                                                             ; --            ; --           ; --         ;
; MIN_CORE_JUNCTION_TEMP              ; 0                                                              ; --            ; --           ; --         ;
; MISC_FILE                           ; nios2_system/synthesis/../nios2_system.cmp                     ; --            ; --           ; --         ;
; MISC_FILE                           ; nios2_system/synthesis/../../nios2_system.qsys                 ; --            ; --           ; --         ;
; NOMINAL_CORE_SUPPLY_VOLTAGE         ; 1.2V                                                           ; --            ; --           ; --         ;
; PARTITION_COLOR                     ; -- (Not supported for targeted family)                         ; --            ; --           ; Top        ;
; PARTITION_FITTER_PRESERVATION_LEVEL ; -- (Not supported for targeted family)                         ; --            ; --           ; Top        ;
; PARTITION_NETLIST_TYPE              ; -- (Not supported for targeted family)                         ; --            ; --           ; Top        ;
; POWER_BOARD_THERMAL_MODEL           ; None (CONSERVATIVE)                                            ; --            ; --           ; --         ;
; POWER_PRESET_COOLING_SOLUTION       ; 23 MM HEAT SINK WITH 200 LFPM AIRFLOW                          ; --            ; --           ; --         ;
; PROJECT_OUTPUT_DIRECTORY            ; output_files                                                   ; --            ; --           ; --         ;
; SLD_FILE                            ; nios2_system/synthesis/nios2_system.regmap                     ; --            ; --           ; --         ;
; SLD_FILE                            ; nios2_system/synthesis/nios2_system.debuginfo                  ; --            ; --           ; --         ;
; SLD_INFO                            ; QSYS_NAME nios2_system HAS_SOPCINFO 1 GENERATION_ID 1659488322 ; --            ; nios2_system ; --         ;
; SOPCINFO_FILE                       ; nios2_system/synthesis/../../nios2_system.sopcinfo             ; --            ; --           ; --         ;
; SYNTHESIS_ONLY_QIP                  ; On                                                             ; --            ; --           ; --         ;
+-------------------------------------+----------------------------------------------------------------+---------------+--------------+------------+


+--------------------------------------------------------------------------------------------------------------------------+
; Flow Elapsed Time                                                                                                        ;
+----------------------+--------------+-------------------------+---------------------+------------------------------------+
; Module Name          ; Elapsed Time ; Average Processors Used ; Peak Virtual Memory ; Total CPU Time (on all processors) ;
+----------------------+--------------+-------------------------+---------------------+------------------------------------+
; Analysis & Synthesis ; 00:01:44     ; 1.0                     ; 5015 MB             ; 00:01:52                           ;
; Fitter               ; 00:00:23     ; 1.1                     ; 5966 MB             ; 00:00:29                           ;
; Assembler            ; 00:00:06     ; 1.0                     ; 4720 MB             ; 00:00:04                           ;
; Timing Analyzer      ; 00:00:08     ; 1.1                     ; 4936 MB             ; 00:00:05                           ;
; Total                ; 00:02:21     ; --                      ; --                  ; 00:02:30                           ;
+----------------------+--------------+-------------------------+---------------------+------------------------------------+


+------------------------------------------------------------------------------------+
; Flow OS Summary                                                                    ;
+----------------------+------------------+------------+------------+----------------+
; Module Name          ; Machine Hostname ; OS Name    ; OS Version ; Processor type ;
+----------------------+------------------+------------+------------+----------------+
; Analysis & Synthesis ; EN403927         ; Windows 10 ; 10.0       ; x86_64         ;
; Fitter               ; EN403927         ; Windows 10 ; 10.0       ; x86_64         ;
; Assembler            ; EN403927         ; Windows 10 ; 10.0       ; x86_64         ;
; Timing Analyzer      ; EN403927         ; Windows 10 ; 10.0       ; x86_64         ;
+----------------------+------------------+------------+------------+----------------+


------------
; Flow Log ;
------------
quartus_map --read_settings_files=on --write_settings_files=off lab1 -c lab1
quartus_fit --read_settings_files=off --write_settings_files=off lab1 -c lab1
quartus_asm --read_settings_files=off --write_settings_files=off lab1 -c lab1
quartus_sta lab1 -c lab1



